<?xml version="1.0" encoding="UTF-8"?>
<testsuite xmlns:xsi="http://www.w3.org/2001/XMLSchema-instance" xsi:noNamespaceSchemaLocation="https://maven.apache.org/surefire/maven-surefire-plugin/xsd/surefire-test-report.xsd" name="calculatorproject.CalculatorTest" time="0.091" tests="3" errors="0" skipped="1" failures="0">
  <properties>
[...]
</properties>
  <testcase name="testSub" classname="calculatorproject.CalculatorTest" time="0">
    <skipped message="void calculatorproject.CalculatorTest.testSub() is @Disabled"/>
    <system-out><![CDATA[Creating Object 
]]></system-out>
  </testcase>
  <testcase name="testAdd" classname="calculatorproject.CalculatorTest" time="0.015"/>
  <testcase name="testDivision" classname="calculatorproject.CalculatorTest" time="0.028"/>
</testsuite>